1754975775.864116 client started (15283): version 3.5a, socket /private/tmp/tmux-501/default, protocol 8
1754975775.864158 on Darwin 24.6.0 Darwin Kernel Version 24.6.0: Mon Jul 14 11:30:55 PDT 2025; root:xnu-11417.140.69~1/RELEASE_ARM64_T6031
1754975775.864164 using libevent 2.1.12-stable select
1754975775.864346 using utf8proc 2.10.0
1754975775.864359 using ncurses 6.5 20240427
1754975775.864379 flags are 0x18010000
1754975775.864398 socket is /private/tmp/tmux-501/default
1754975775.864410 trying connect
1754975775.864440 add peer 0x148008000: 6 (0x0)
1754975775.867382 sending message 111 to peer 0x148008000 (8 bytes)
1754975775.867392 sending message 111 to peer 0x148008000 (8 bytes)
1754975775.867397 sending message 101 to peer 0x148008000 (14 bytes)
1754975775.867401 sending message 109 to peer 0x148008000 (4 bytes)
1754975775.867406 sending message 102 to peer 0x148008000 (13 bytes)
1754975775.867409 sending message 108 to peer 0x148008000 (32 bytes)
1754975775.867413 sending message 112 to peer 0x148008000 (70 bytes)
1754975775.867417 sending message 112 to peer 0x148008000 (5 bytes)
1754975775.867421 sending message 112 to peer 0x148008000 (5 bytes)
1754975775.867425 sending message 112 to peer 0x148008000 (6 bytes)
1754975775.867428 sending message 112 to peer 0x148008000 (6 bytes)
1754975775.867432 sending message 112 to peer 0x148008000 (11 bytes)
1754975775.867436 sending message 112 to peer 0x148008000 (10 bytes)
1754975775.867440 sending message 112 to peer 0x148008000 (13 bytes)
1754975775.867443 sending message 112 to peer 0x148008000 (14 bytes)
1754975775.867447 sending message 112 to peer 0x148008000 (9 bytes)
1754975775.867451 sending message 112 to peer 0x148008000 (21 bytes)
1754975775.867455 sending message 112 to peer 0x148008000 (19 bytes)
1754975775.867458 sending message 112 to peer 0x148008000 (11 bytes)
1754975775.867462 sending message 112 to peer 0x148008000 (21 bytes)
1754975775.867466 sending message 112 to peer 0x148008000 (13 bytes)
1754975775.867469 sending message 112 to peer 0x148008000 (7 bytes)
1754975775.867473 sending message 112 to peer 0x148008000 (13 bytes)
1754975775.867477 sending message 112 to peer 0x148008000 (7 bytes)
1754975775.867480 sending message 112 to peer 0x148008000 (13 bytes)
1754975775.867484 sending message 112 to peer 0x148008000 (9 bytes)
1754975775.867488 sending message 112 to peer 0x148008000 (21 bytes)
1754975775.867492 sending message 112 to peer 0x148008000 (13 bytes)
1754975775.867495 sending message 112 to peer 0x148008000 (9 bytes)
1754975775.867499 sending message 112 to peer 0x148008000 (16 bytes)
1754975775.867503 sending message 112 to peer 0x148008000 (13 bytes)
1754975775.867506 sending message 112 to peer 0x148008000 (9 bytes)
1754975775.867510 sending message 112 to peer 0x148008000 (9 bytes)
1754975775.867513 sending message 112 to peer 0x148008000 (12 bytes)
1754975775.867517 sending message 112 to peer 0x148008000 (8 bytes)
1754975775.867521 sending message 112 to peer 0x148008000 (12 bytes)
1754975775.867525 sending message 112 to peer 0x148008000 (8 bytes)
1754975775.867528 sending message 112 to peer 0x148008000 (13 bytes)
1754975775.867532 sending message 112 to peer 0x148008000 (7 bytes)
1754975775.867536 sending message 112 to peer 0x148008000 (7 bytes)
1754975775.867539 sending message 112 to peer 0x148008000 (9 bytes)
1754975775.867543 sending message 112 to peer 0x148008000 (12 bytes)
1754975775.867547 sending message 112 to peer 0x148008000 (6 bytes)
1754975775.867550 sending message 112 to peer 0x148008000 (9 bytes)
1754975775.867554 sending message 112 to peer 0x148008000 (15 bytes)
1754975775.867558 sending message 112 to peer 0x148008000 (13 bytes)
1754975775.867561 sending message 112 to peer 0x148008000 (9 bytes)
1754975775.867565 sending message 112 to peer 0x148008000 (12 bytes)
1754975775.867568 sending message 112 to peer 0x148008000 (8 bytes)
1754975775.867572 sending message 112 to peer 0x148008000 (14 bytes)
1754975775.867576 sending message 112 to peer 0x148008000 (11 bytes)
1754975775.867579 sending message 112 to peer 0x148008000 (9 bytes)
1754975775.867590 sending message 112 to peer 0x148008000 (10 bytes)
1754975775.867593 sending message 112 to peer 0x148008000 (10 bytes)
1754975775.867595 sending message 112 to peer 0x148008000 (10 bytes)
1754975775.867598 sending message 112 to peer 0x148008000 (10 bytes)
1754975775.867600 sending message 112 to peer 0x148008000 (11 bytes)
1754975775.867603 sending message 112 to peer 0x148008000 (12 bytes)
1754975775.867605 sending message 112 to peer 0x148008000 (12 bytes)
1754975775.867608 sending message 112 to peer 0x148008000 (12 bytes)
1754975775.867611 sending message 112 to peer 0x148008000 (12 bytes)
1754975775.867613 sending message 112 to peer 0x148008000 (12 bytes)
1754975775.867616 sending message 112 to peer 0x148008000 (11 bytes)
1754975775.867618 sending message 112 to peer 0x148008000 (11 bytes)
1754975775.867621 sending message 112 to peer 0x148008000 (12 bytes)
1754975775.867624 sending message 112 to peer 0x148008000 (12 bytes)
1754975775.867626 sending message 112 to peer 0x148008000 (12 bytes)
1754975775.867629 sending message 112 to peer 0x148008000 (12 bytes)
1754975775.867631 sending message 112 to peer 0x148008000 (12 bytes)
1754975775.867634 sending message 112 to peer 0x148008000 (9 bytes)
1754975775.867637 sending message 112 to peer 0x148008000 (12 bytes)
1754975775.867639 sending message 112 to peer 0x148008000 (13 bytes)
1754975775.867642 sending message 112 to peer 0x148008000 (13 bytes)
1754975775.867644 sending message 112 to peer 0x148008000 (13 bytes)
1754975775.867647 sending message 112 to peer 0x148008000 (13 bytes)
1754975775.867649 sending message 112 to peer 0x148008000 (13 bytes)
1754975775.867652 sending message 112 to peer 0x148008000 (8 bytes)
1754975775.867655 sending message 112 to peer 0x148008000 (11 bytes)
1754975775.867657 sending message 112 to peer 0x148008000 (11 bytes)
1754975775.867660 sending message 112 to peer 0x148008000 (11 bytes)
1754975775.867662 sending message 112 to peer 0x148008000 (12 bytes)
1754975775.867665 sending message 112 to peer 0x148008000 (12 bytes)
1754975775.867667 sending message 112 to peer 0x148008000 (12 bytes)
1754975775.867670 sending message 112 to peer 0x148008000 (12 bytes)
1754975775.867672 sending message 112 to peer 0x148008000 (13 bytes)
1754975775.867675 sending message 112 to peer 0x148008000 (13 bytes)
1754975775.867678 sending message 112 to peer 0x148008000 (13 bytes)
1754975775.867680 sending message 112 to peer 0x148008000 (8 bytes)
1754975775.867683 sending message 112 to peer 0x148008000 (13 bytes)
1754975775.867686 sending message 112 to peer 0x148008000 (13 bytes)
1754975775.867688 sending message 112 to peer 0x148008000 (13 bytes)
1754975775.867691 sending message 112 to peer 0x148008000 (13 bytes)
1754975775.867693 sending message 112 to peer 0x148008000 (13 bytes)
1754975775.867696 sending message 112 to peer 0x148008000 (12 bytes)
1754975775.867698 sending message 112 to peer 0x148008000 (12 bytes)
1754975775.867701 sending message 112 to peer 0x148008000 (12 bytes)
1754975775.867703 sending message 112 to peer 0x148008000 (12 bytes)
1754975775.867706 sending message 112 to peer 0x148008000 (13 bytes)
1754975775.867708 sending message 112 to peer 0x148008000 (8 bytes)
1754975775.867711 sending message 112 to peer 0x148008000 (13 bytes)
1754975775.867714 sending message 112 to peer 0x148008000 (13 bytes)
1754975775.867716 sending message 112 to peer 0x148008000 (13 bytes)
1754975775.867719 sending message 112 to peer 0x148008000 (13 bytes)
1754975775.867721 sending message 112 to peer 0x148008000 (13 bytes)
1754975775.867724 sending message 112 to peer 0x148008000 (13 bytes)
1754975775.867726 sending message 112 to peer 0x148008000 (13 bytes)
1754975775.867729 sending message 112 to peer 0x148008000 (12 bytes)
1754975775.867731 sending message 112 to peer 0x148008000 (12 bytes)
1754975775.867734 sending message 112 to peer 0x148008000 (12 bytes)
1754975775.867736 sending message 112 to peer 0x148008000 (8 bytes)
1754975775.867739 sending message 112 to peer 0x148008000 (12 bytes)
1754975775.867741 sending message 112 to peer 0x148008000 (13 bytes)
1754975775.867749 sending message 112 to peer 0x148008000 (13 bytes)
1754975775.867751 sending message 112 to peer 0x148008000 (13 bytes)
1754975775.867754 sending message 112 to peer 0x148008000 (13 bytes)
1754975775.867757 sending message 112 to peer 0x148008000 (13 bytes)
1754975775.867759 sending message 112 to peer 0x148008000 (13 bytes)
1754975775.867762 sending message 112 to peer 0x148008000 (13 bytes)
1754975775.867764 sending message 112 to peer 0x148008000 (13 bytes)
1754975775.867767 sending message 112 to peer 0x148008000 (12 bytes)
1754975775.867769 sending message 112 to peer 0x148008000 (10 bytes)
1754975775.867772 sending message 112 to peer 0x148008000 (12 bytes)
1754975775.867774 sending message 112 to peer 0x148008000 (12 bytes)
1754975775.867777 sending message 112 to peer 0x148008000 (12 bytes)
1754975775.867779 sending message 112 to peer 0x148008000 (13 bytes)
1754975775.867782 sending message 112 to peer 0x148008000 (13 bytes)
1754975775.867784 sending message 112 to peer 0x148008000 (13 bytes)
1754975775.867787 sending message 112 to peer 0x148008000 (13 bytes)
1754975775.867789 sending message 112 to peer 0x148008000 (13 bytes)
1754975775.867792 sending message 112 to peer 0x148008000 (13 bytes)
1754975775.867794 sending message 112 to peer 0x148008000 (13 bytes)
1754975775.867797 sending message 112 to peer 0x148008000 (10 bytes)
1754975775.867799 sending message 112 to peer 0x148008000 (13 bytes)
1754975775.867802 sending message 112 to peer 0x148008000 (12 bytes)
1754975775.867804 sending message 112 to peer 0x148008000 (12 bytes)
1754975775.867807 sending message 112 to peer 0x148008000 (12 bytes)
1754975775.867809 sending message 112 to peer 0x148008000 (10 bytes)
1754975775.867812 sending message 112 to peer 0x148008000 (10 bytes)
1754975775.867815 sending message 112 to peer 0x148008000 (10 bytes)
1754975775.867817 sending message 112 to peer 0x148008000 (12 bytes)
1754975775.867820 sending message 112 to peer 0x148008000 (13 bytes)
1754975775.867822 sending message 112 to peer 0x148008000 (13 bytes)
1754975775.867825 sending message 112 to peer 0x148008000 (13 bytes)
1754975775.867827 sending message 112 to peer 0x148008000 (13 bytes)
1754975775.867830 sending message 112 to peer 0x148008000 (13 bytes)
1754975775.867832 sending message 112 to peer 0x148008000 (10 bytes)
1754975775.867835 sending message 112 to peer 0x148008000 (11 bytes)
1754975775.867837 sending message 112 to peer 0x148008000 (12 bytes)
1754975775.867840 sending message 112 to peer 0x148008000 (12 bytes)
1754975775.867842 sending message 112 to peer 0x148008000 (12 bytes)
1754975775.867845 sending message 112 to peer 0x148008000 (12 bytes)
1754975775.867847 sending message 112 to peer 0x148008000 (12 bytes)
1754975775.867850 sending message 112 to peer 0x148008000 (11 bytes)
1754975775.867852 sending message 112 to peer 0x148008000 (12 bytes)
1754975775.867855 sending message 112 to peer 0x148008000 (12 bytes)
1754975775.867857 sending message 112 to peer 0x148008000 (13 bytes)
1754975775.867860 sending message 112 to peer 0x148008000 (13 bytes)
1754975775.867862 sending message 112 to peer 0x148008000 (13 bytes)
1754975775.867865 sending message 112 to peer 0x148008000 (13 bytes)
1754975775.867867 sending message 112 to peer 0x148008000 (13 bytes)
1754975775.867870 sending message 112 to peer 0x148008000 (10 bytes)
1754975775.867872 sending message 112 to peer 0x148008000 (9 bytes)
1754975775.867875 sending message 112 to peer 0x148008000 (12 bytes)
1754975775.867877 sending message 112 to peer 0x148008000 (13 bytes)
1754975775.867880 sending message 112 to peer 0x148008000 (13 bytes)
1754975775.867882 sending message 112 to peer 0x148008000 (13 bytes)
1754975775.867885 sending message 112 to peer 0x148008000 (13 bytes)
1754975775.867887 sending message 112 to peer 0x148008000 (13 bytes)
1754975775.867890 sending message 112 to peer 0x148008000 (9 bytes)
1754975775.867892 sending message 112 to peer 0x148008000 (12 bytes)
1754975775.867895 sending message 112 to peer 0x148008000 (13 bytes)
1754975775.867901 sending message 112 to peer 0x148008000 (13 bytes)
1754975775.867904 sending message 112 to peer 0x148008000 (13 bytes)
1754975775.867907 sending message 112 to peer 0x148008000 (13 bytes)
1754975775.867909 sending message 112 to peer 0x148008000 (13 bytes)
1754975775.867912 sending message 112 to peer 0x148008000 (11 bytes)
1754975775.867914 sending message 112 to peer 0x148008000 (12 bytes)
1754975775.867917 sending message 112 to peer 0x148008000 (13 bytes)
1754975775.867919 sending message 112 to peer 0x148008000 (13 bytes)
1754975775.867922 sending message 112 to peer 0x148008000 (13 bytes)
1754975775.867924 sending message 112 to peer 0x148008000 (13 bytes)
1754975775.867927 sending message 112 to peer 0x148008000 (13 bytes)
1754975775.867929 sending message 112 to peer 0x148008000 (11 bytes)
1754975775.867932 sending message 112 to peer 0x148008000 (12 bytes)
1754975775.867934 sending message 112 to peer 0x148008000 (12 bytes)
1754975775.867937 sending message 112 to peer 0x148008000 (12 bytes)
1754975775.867939 sending message 112 to peer 0x148008000 (12 bytes)
1754975775.867942 sending message 112 to peer 0x148008000 (12 bytes)
1754975775.867944 sending message 112 to peer 0x148008000 (21 bytes)
1754975775.867947 sending message 112 to peer 0x148008000 (12 bytes)
1754975775.867949 sending message 112 to peer 0x148008000 (9 bytes)
1754975775.867952 sending message 112 to peer 0x148008000 (6 bytes)
1754975775.867954 sending message 112 to peer 0x148008000 (13 bytes)
1754975775.867957 sending message 112 to peer 0x148008000 (10 bytes)
1754975775.867959 sending message 112 to peer 0x148008000 (15 bytes)
1754975775.867962 sending message 112 to peer 0x148008000 (13 bytes)
1754975775.867964 sending message 112 to peer 0x148008000 (9 bytes)
1754975775.867967 sending message 112 to peer 0x148008000 (70 bytes)
1754975775.867970 sending message 112 to peer 0x148008000 (69 bytes)
1754975775.867972 sending message 112 to peer 0x148008000 (34 bytes)
1754975775.867975 sending message 112 to peer 0x148008000 (34 bytes)
1754975775.867977 sending message 112 to peer 0x148008000 (70 bytes)
1754975775.867980 sending message 112 to peer 0x148008000 (12 bytes)
1754975775.867982 sending message 112 to peer 0x148008000 (10 bytes)
1754975775.867985 sending message 112 to peer 0x148008000 (10 bytes)
1754975775.867987 sending message 112 to peer 0x148008000 (15 bytes)
1754975775.867990 sending message 112 to peer 0x148008000 (13 bytes)
1754975775.867992 sending message 112 to peer 0x148008000 (10 bytes)
1754975775.867995 sending message 112 to peer 0x148008000 (10 bytes)
1754975775.867997 sending message 112 to peer 0x148008000 (17 bytes)
1754975775.868000 sending message 112 to peer 0x148008000 (10 bytes)
1754975775.868002 sending message 112 to peer 0x148008000 (13 bytes)
1754975775.868005 sending message 112 to peer 0x148008000 (32 bytes)
1754975775.868007 sending message 112 to peer 0x148008000 (5 bytes)
1754975775.868010 sending message 112 to peer 0x148008000 (9 bytes)
1754975775.868012 sending message 112 to peer 0x148008000 (15 bytes)
1754975775.868015 sending message 112 to peer 0x148008000 (5 bytes)
1754975775.868018 sending message 104 to peer 0x148008000 (0 bytes)
1754975775.868021 sending message 110 to peer 0x148008000 (0 bytes)
1754975775.868024 sending message 107 to peer 0x148008000 (4 bytes)
1754975775.868027 sending message 105 to peer 0x148008000 (198 bytes)
1754975775.868029 sending message 105 to peer 0x148008000 (75 bytes)
1754975775.868032 sending message 105 to peer 0x148008000 (21 bytes)
1754975775.868035 sending message 105 to peer 0x148008000 (19 bytes)
1754975775.868037 sending message 105 to peer 0x148008000 (15 bytes)
1754975775.868040 sending message 105 to peer 0x148008000 (57 bytes)
1754975775.868042 sending message 105 to peer 0x148008000 (27 bytes)
1754975775.868045 sending message 105 to peer 0x148008000 (17 bytes)
1754975775.868047 sending message 105 to peer 0x148008000 (22 bytes)
1754975775.868050 sending message 105 to peer 0x148008000 (66 bytes)
1754975775.868058 sending message 105 to peer 0x148008000 (32 bytes)
1754975775.868061 sending message 105 to peer 0x148008000 (1305 bytes)
1754975775.868064 sending message 105 to peer 0x148008000 (43 bytes)
1754975775.868067 sending message 105 to peer 0x148008000 (36 bytes)
1754975775.868069 sending message 105 to peer 0x148008000 (17 bytes)
1754975775.868072 sending message 105 to peer 0x148008000 (14 bytes)
1754975775.868074 sending message 105 to peer 0x148008000 (19 bytes)
1754975775.868077 sending message 105 to peer 0x148008000 (8 bytes)
1754975775.868079 sending message 105 to peer 0x148008000 (24 bytes)
1754975775.868082 sending message 105 to peer 0x148008000 (63 bytes)
1754975775.868084 sending message 105 to peer 0x148008000 (36 bytes)
1754975775.868087 sending message 105 to peer 0x148008000 (20 bytes)
1754975775.868089 sending message 105 to peer 0x148008000 (98 bytes)
1754975775.868092 sending message 105 to peer 0x148008000 (57 bytes)
1754975775.868095 sending message 105 to peer 0x148008000 (38 bytes)
1754975775.868097 sending message 105 to peer 0x148008000 (20 bytes)
1754975775.868100 sending message 105 to peer 0x148008000 (47 bytes)
1754975775.868104 sending message 105 to peer 0x148008000 (30 bytes)
1754975775.868107 sending message 105 to peer 0x148008000 (37 bytes)
1754975775.868110 sending message 105 to peer 0x148008000 (34 bytes)
1754975775.868112 sending message 105 to peer 0x148008000 (35 bytes)
1754975775.868115 sending message 105 to peer 0x148008000 (34 bytes)
1754975775.868117 sending message 105 to peer 0x148008000 (45 bytes)
1754975775.868120 sending message 105 to peer 0x148008000 (12 bytes)
1754975775.868122 sending message 105 to peer 0x148008000 (12 bytes)
1754975775.868125 sending message 105 to peer 0x148008000 (46 bytes)
1754975775.868127 sending message 105 to peer 0x148008000 (21 bytes)
1754975775.868130 sending message 105 to peer 0x148008000 (65 bytes)
1754975775.868133 sending message 105 to peer 0x148008000 (11 bytes)
1754975775.868135 sending message 105 to peer 0x148008000 (8 bytes)
1754975775.868138 sending message 105 to peer 0x148008000 (32 bytes)
1754975775.868141 sending message 105 to peer 0x148008000 (96 bytes)
1754975775.868143 sending message 105 to peer 0x148008000 (30 bytes)
1754975775.868146 sending message 105 to peer 0x148008000 (58 bytes)
1754975775.868148 sending message 105 to peer 0x148008000 (82 bytes)
1754975775.868151 sending message 105 to peer 0x148008000 (18 bytes)
1754975775.868153 sending message 105 to peer 0x148008000 (10 bytes)
1754975775.868156 sending message 105 to peer 0x148008000 (26 bytes)
1754975775.868158 sending message 105 to peer 0x148008000 (50 bytes)
1754975775.868161 sending message 105 to peer 0x148008000 (7 bytes)
1754975775.868163 sending message 105 to peer 0x148008000 (11 bytes)
1754975775.868166 sending message 105 to peer 0x148008000 (58 bytes)
1754975775.868168 sending message 105 to peer 0x148008000 (14 bytes)
1754975775.868171 sending message 105 to peer 0x148008000 (32 bytes)
1754975775.868173 sending message 105 to peer 0x148008000 (12 bytes)
1754975775.868176 sending message 105 to peer 0x148008000 (22 bytes)
1754975775.868179 sending message 105 to peer 0x148008000 (25 bytes)
1754975775.868181 sending message 106 to peer 0x148008000 (0 bytes)
1754975775.868236 sending message 200 to peer 0x148008000 (4 bytes)
1754975775.868240 client loop enter
1754975775.869938 peer 0x148008000 message 207
1754975775.869947 sending message 208 to peer 0x148008000 (0 bytes)
1754975803.663216 peer 0x148008000 message 210
1754975803.663240 sending message 205 to peer 0x148008000 (0 bytes)
1754975803.663332 peer 0x148008000 message 204
1754975803.663338 client loop exit
